Using pre-set license

 COMMAND LINE ARGUMENTS:
/Users/marcsirventruiz/development/Unity/2020.2.4f1/Unity.app/Contents/MacOS/Unity
-adb2
-batchMode
-noUpm
-name
AssetImportWorker0
-projectPath
/Users/marcsirventruiz/Documents/UnityProjects/Rolltheball
-logFile
Logs/AssetImportWorker0.log
-srvPort
63606
Successfully changed project path to: /Users/marcsirventruiz/Documents/UnityProjects/Rolltheball
/Users/marcsirventruiz/Documents/UnityProjects/Rolltheball
Using Asset Import Pipeline V2.
Refreshing native plugins compatible for Editor in 27.56 ms, found 1 plugins.
Preloading 0 native plugins for Editor in 0.00 ms.
Initialize engine version: 2020.2.4f1 (becced5a802b)
[Subsystems] Discovering subsystems at path /Users/marcsirventruiz/development/Unity/2020.2.4f1/Unity.app/Contents/Resources/UnitySubsystems
[Subsystems] Discovering subsystems at path /Users/marcsirventruiz/Documents/UnityProjects/Rolltheball/Assets
GfxDevice: creating device client; threaded=0
2025-04-07 16:46:30.985 Unity[25201:4829147] (null) preferred device: Apple M1 Pro (high power)
2025-04-07 16:46:30.985 Unity[25201:4829147] Metal devices available: 1
2025-04-07 16:46:30.986 Unity[25201:4829147] 0: Apple M1 Pro (high power)
2025-04-07 16:46:30.986 Unity[25201:4829147] Using device Apple M1 Pro (high power)
Initializing Metal device caps: Apple M1 Pro
Initialize mono
Mono path[0] = '/Users/marcsirventruiz/development/Unity/2020.2.4f1/Unity.app/Contents/Managed'
Mono path[1] = '/Users/marcsirventruiz/development/Unity/2020.2.4f1/Unity.app/Contents/MonoBleedingEdge/lib/mono/unityjit'
Mono config path = '/Users/marcsirventruiz/development/Unity/2020.2.4f1/Unity.app/Contents/MonoBleedingEdge/etc'
Using monoOptions --debugger-agent=transport=dt_socket,embedding=1,server=y,suspend=n,address=127.0.0.1:56201
Begin MonoManager ReloadAssembly
Registering precompiled unity dll's ...
Register platform support module: /Users/marcsirventruiz/development/Unity/2020.2.4f1/Unity.app/Contents/PlaybackEngines/MacStandaloneSupport/UnityEditor.OSXStandalone.Extensions.dll
Register platform support module: /Users/marcsirventruiz/development/Unity/2020.2.4f1/PlaybackEngines/WindowsStandaloneSupport/UnityEditor.WindowsStandalone.Extensions.dll
Registered in 0.002395 seconds.
Native extension for WindowsStandalone target not found
Native extension for OSXStandalone target not found
Refreshing native plugins compatible for Editor in 27.70 ms, found 1 plugins.
Preloading 0 native plugins for Editor in 0.00 ms.
Invoked RoslynAnalysisRunner static constructor.
RoslynAnalysisRunner will not be running.
RoslynAnalysisRunner has terminated.
Mono: successfully reloaded assembly
- Completed reload, in  2.435 seconds
Platform modules already initialized, skipping
Registering precompiled user dll's ...
Registered in 0.001633 seconds.
Begin MonoManager ReloadAssembly
Native extension for WindowsStandalone target not found
Native extension for OSXStandalone target not found
Refreshing native plugins compatible for Editor in 0.23 ms, found 1 plugins.
Preloading 0 native plugins for Editor in 0.00 ms.
Invoked RoslynAnalysisRunner static constructor.
RoslynAnalysisRunner will not be running.
RoslynAnalysisRunner has terminated.
Mono: successfully reloaded assembly
- Completed reload, in  1.986 seconds
Platform modules already initialized, skipping
========================================================================
Worker process is ready to serve import requests
Launching external process: /Users/marcsirventruiz/development/Unity/2020.2.4f1/Unity.app/Contents/Tools/UnityShaderCompiler
Launched and connected shader compiler UnityShaderCompiler after 0.05 seconds
Refreshing native plugins compatible for Editor in 0.21 ms, found 1 plugins.
Preloading 0 native plugins for Editor in 0.00 ms.
Unloading 1104 Unused Serialized files (Serialized files now loaded: 0)
System memory in use before: 66.1 MB.
System memory in use after: 66.2 MB.

Unloading 9 unused Assets to reduce memory usage. Loaded Objects now: 1546.
Total: 1.397541 ms (FindLiveObjects: 0.114250 ms CreateObjectMapping: 0.027834 ms MarkObjects: 1.187042 ms  DeleteObjects: 0.067417 ms)

========================================================================
Received Import Request.
  path: Assets/Scenes
  artifactKey: Guid(384b3a063b4b24f208c704214dc76d70) Importer(815301076,1909f56bfc062723c751e8b465ee728b)
Start importing Assets/Scenes using Guid(384b3a063b4b24f208c704214dc76d70) Importer(815301076,1909f56bfc062723c751e8b465ee728b)  -> (artifact id: '1289028e245cb92e49bc31d0316d322c') in 0.007753 seconds
  Import took 0.009802 seconds .

========================================================================
Received Import Request.
  Time since last request: 0.000231 seconds.
  path: Assets/Scenes/SampleScene.unity
  artifactKey: Guid(9fc0d4010bbf28b4594072e72b8655ab) Importer(815301076,1909f56bfc062723c751e8b465ee728b)
Start importing Assets/Scenes/SampleScene.unity using Guid(9fc0d4010bbf28b4594072e72b8655ab) Importer(815301076,1909f56bfc062723c751e8b465ee728b)  -> (artifact id: '07678fe8974910b46a4866770d41cde6') in 0.020589 seconds
  Import took 0.022397 seconds .

========================================================================
Received Import Request.
  Time since last request: 91.212281 seconds.
  path: Assets/Template
  artifactKey: Guid(843cf035247a24876ad27db00daea58a) Importer(815301076,1909f56bfc062723c751e8b465ee728b)
Start importing Assets/Template using Guid(843cf035247a24876ad27db00daea58a) Importer(815301076,1909f56bfc062723c751e8b465ee728b)  -> (artifact id: '9cc9ede7f0b303fe745616cc5b4a1fad') in 0.002571 seconds
  Import took 0.004739 seconds .

========================================================================
Received Import Request.
  Time since last request: 95.618450 seconds.
  path: Assets/Scenes
  artifactKey: Guid(68ea94dcecd594a2e947e5f0ad80c32b) Importer(815301076,1909f56bfc062723c751e8b465ee728b)
Start importing Assets/Scenes using Guid(68ea94dcecd594a2e947e5f0ad80c32b) Importer(815301076,1909f56bfc062723c751e8b465ee728b)  -> (artifact id: '8f3d391c6c3de8e7fe2ae6c77f64f37d') in 0.003157 seconds
  Import took 0.005690 seconds .

========================================================================
Received Import Request.
  Time since last request: 0.568480 seconds.
  path: Assets/Scenes/MiniGame.unity
  artifactKey: Guid(e250a42f51c794f91966c47c0da36a84) Importer(815301076,1909f56bfc062723c751e8b465ee728b)
Start importing Assets/Scenes/MiniGame.unity using Guid(e250a42f51c794f91966c47c0da36a84) Importer(815301076,1909f56bfc062723c751e8b465ee728b)  -> (artifact id: '2465feb4d73f4309be7238e2e3d33924') in 0.004382 seconds
  Import took 0.007412 seconds .

========================================================================
Received Import Request.
  Time since last request: 490.870008 seconds.
  path: Assets/Materials
  artifactKey: Guid(1bfae426acc284eae84b34f4ea1f1652) Importer(815301076,1909f56bfc062723c751e8b465ee728b)
Start importing Assets/Materials using Guid(1bfae426acc284eae84b34f4ea1f1652) Importer(815301076,1909f56bfc062723c751e8b465ee728b)  -> (artifact id: '1da286bf39de91be900c0c075c321096') in 0.001992 seconds
  Import took 0.003916 seconds .

========================================================================
Received Import Request.
  Time since last request: 39.791649 seconds.
  path: Assets/Materials/Background.mat
  artifactKey: Guid(2cad84c8fb1ee4f55a46ab7de90b2fc7) Importer(815301076,1909f56bfc062723c751e8b465ee728b)
Start importing Assets/Materials/Background.mat using Guid(2cad84c8fb1ee4f55a46ab7de90b2fc7) Importer(815301076,1909f56bfc062723c751e8b465ee728b)  -> (artifact id: 'd2807b4cc35031892fe880a1f7109bc9') in 0.771111 seconds
  Import took 0.773227 seconds .

========================================================================
Received Import Request.
  Time since last request: 116.749804 seconds.
  path: Assets/Materials/Player.mat
  artifactKey: Guid(19049ca0df533447f8a94f0c934e1ff1) Importer(815301076,1909f56bfc062723c751e8b465ee728b)
Start importing Assets/Materials/Player.mat using Guid(19049ca0df533447f8a94f0c934e1ff1) Importer(815301076,1909f56bfc062723c751e8b465ee728b)  -> (artifact id: 'ac05493863a07302b1c352710330ad02') in 0.018911 seconds
  Import took 0.021377 seconds .

========================================================================
Received Prepare
Registering precompiled user dll's ...
Registered in 0.000441 seconds.
Begin MonoManager ReloadAssembly
Native extension for WindowsStandalone target not found
Native extension for OSXStandalone target not found
Refreshing native plugins compatible for Editor in 0.25 ms, found 1 plugins.
Preloading 0 native plugins for Editor in 0.00 ms.
Invoked RoslynAnalysisRunner static constructor.
RoslynAnalysisRunner will not be running.
RoslynAnalysisRunner has terminated.
Mono: successfully reloaded assembly
- Completed reload, in  1.770 seconds
Platform modules already initialized, skipping
Refreshing native plugins compatible for Editor in 0.23 ms, found 1 plugins.
Preloading 0 native plugins for Editor in 0.00 ms.
Unloading 1394 Unused Serialized files (Serialized files now loaded: 0)
System memory in use before: 82.2 MB.
System memory in use after: 82.3 MB.

Unloading 2 unused Assets to reduce memory usage. Loaded Objects now: 1882.
Total: 1.275750 ms (FindLiveObjects: 0.160333 ms CreateObjectMapping: 0.034500 ms MarkObjects: 1.059875 ms  DeleteObjects: 0.019417 ms)

